{"E:\\React Native\\test\\WeatherForecast\\src\\navigation\\AppNavigator.tsx": {"path":"E:\\React Native\\test\\WeatherForecast\\src\\navigation\\AppNavigator.tsx","statementMap":{"0":{"start":{"line":8,"column":14},"end":{"line":8,"column":42}},"1":{"start":{"line":10,"column":21},"end":{"line":19,"column":1}},"2":{"start":{"line":11,"column":2},"end":{"line":18,"column":4}}},"fnMap":{"0":{"name":"(anonymous_0)","decl":{"start":{"line":10,"column":21},"end":{"line":10,"column":22}},"loc":{"start":{"line":10,"column":27},"end":{"line":19,"column":1}},"line":10}},"branchMap":{},"s":{"0":1,"1":1,"2":1},"f":{"0":1},"b":{},"_coverageSchema":"1a1c01bbd47fc00a2c39e90264f33305004495a9","hash":"f3655cfb045cf70283aac0d263e53274d77d31ec"}
,"E:\\React Native\\test\\WeatherForecast\\src\\redux\\store.ts": {"path":"E:\\React Native\\test\\WeatherForecast\\src\\redux\\store.ts","statementMap":{"0":{"start":{"line":7,"column":22},"end":{"line":10,"column":1}},"1":{"start":{"line":12,"column":25},"end":{"line":12,"column":67}},"2":{"start":{"line":13,"column":14},"end":{"line":20,"column":2}},"3":{"start":{"line":16,"column":8},"end":{"line":19,"column":10}},"4":{"start":{"line":21,"column":18},"end":{"line":21,"column":37}}},"fnMap":{"0":{"name":"(anonymous_0)","decl":{"start":{"line":15,"column":16},"end":{"line":15,"column":17}},"loc":{"start":{"line":16,"column":8},"end":{"line":19,"column":10}},"line":16}},"branchMap":{},"s":{"0":1,"1":1,"2":1,"3":1,"4":1},"f":{"0":1},"b":{},"_coverageSchema":"1a1c01bbd47fc00a2c39e90264f33305004495a9","hash":"6a40662d5a7da76e43cf709abcf7d0f9cb6f15d8"}
,"E:\\React Native\\test\\WeatherForecast\\src\\redux\\types.ts": {"path":"E:\\React Native\\test\\WeatherForecast\\src\\redux\\types.ts","statementMap":{},"fnMap":{},"branchMap":{},"s":{},"f":{},"b":{}}
,"E:\\React Native\\test\\WeatherForecast\\src\\redux\\actions\\actionType.ts": {"path":"E:\\React Native\\test\\WeatherForecast\\src\\redux\\actions\\actionType.ts","statementMap":{},"fnMap":{},"branchMap":{},"s":{},"f":{},"b":{}}
,"E:\\React Native\\test\\WeatherForecast\\src\\redux\\actions\\weatherActions.ts": {"path":"E:\\React Native\\test\\WeatherForecast\\src\\redux\\actions\\weatherActions.ts","statementMap":{"0":{"start":{"line":5,"column":32},"end":{"line":5,"column":50}},"1":{"start":{"line":6,"column":27},"end":{"line":6,"column":40}},"2":{"start":{"line":7,"column":25},"end":{"line":7,"column":36}},"3":{"start":{"line":10,"column":23},"end":{"line":10,"column":57}},"4":{"start":{"line":12,"column":30},"end":{"line":15,"column":2}},"5":{"start":{"line":12,"column":46},"end":{"line":15,"column":1}},"6":{"start":{"line":17,"column":26},"end":{"line":20,"column":2}},"7":{"start":{"line":17,"column":49},"end":{"line":20,"column":1}},"8":{"start":{"line":22,"column":24},"end":{"line":25,"column":2}},"9":{"start":{"line":22,"column":51},"end":{"line":25,"column":1}},"10":{"start":{"line":28,"column":36},"end":{"line":49,"column":1}},"11":{"start":{"line":29,"column":2},"end":{"line":48,"column":4}},"12":{"start":{"line":32,"column":4},"end":{"line":32,"column":31}},"13":{"start":{"line":33,"column":4},"end":{"line":47,"column":5}},"14":{"start":{"line":35,"column":31},"end":{"line":35,"column":138}},"15":{"start":{"line":36,"column":27},"end":{"line":36,"column":48}},"16":{"start":{"line":38,"column":22},"end":{"line":38,"column":34}},"17":{"start":{"line":39,"column":6},"end":{"line":39,"column":92}},"18":{"start":{"line":39,"column":75},"end":{"line":39,"column":90}},"19":{"start":{"line":41,"column":6},"end":{"line":41,"column":42}},"20":{"start":{"line":43,"column":6},"end":{"line":43,"column":33}},"21":{"start":{"line":44,"column":6},"end":{"line":44,"column":57}},"22":{"start":{"line":46,"column":6},"end":{"line":46,"column":34}}},"fnMap":{"0":{"name":"(anonymous_0)","decl":{"start":{"line":12,"column":30},"end":{"line":12,"column":31}},"loc":{"start":{"line":12,"column":46},"end":{"line":15,"column":1}},"line":12},"1":{"name":"(anonymous_1)","decl":{"start":{"line":17,"column":26},"end":{"line":17,"column":27}},"loc":{"start":{"line":17,"column":49},"end":{"line":20,"column":1}},"line":17},"2":{"name":"(anonymous_2)","decl":{"start":{"line":22,"column":24},"end":{"line":22,"column":25}},"loc":{"start":{"line":22,"column":51},"end":{"line":25,"column":1}},"line":22},"3":{"name":"(anonymous_3)","decl":{"start":{"line":28,"column":36},"end":{"line":28,"column":37}},"loc":{"start":{"line":28,"column":64},"end":{"line":49,"column":1}},"line":28},"4":{"name":"(anonymous_4)","decl":{"start":{"line":29,"column":9},"end":{"line":29,"column":10}},"loc":{"start":{"line":29,"column":34},"end":{"line":48,"column":3}},"line":29},"5":{"name":"(anonymous_5)","decl":{"start":{"line":39,"column":48},"end":{"line":39,"column":49}},"loc":{"start":{"line":39,"column":75},"end":{"line":39,"column":90}},"line":39}},"branchMap":{},"s":{"0":4,"1":4,"2":4,"3":4,"4":4,"5":1,"6":4,"7":2,"8":4,"9":4,"10":4,"11":0,"12":0,"13":0,"14":0,"15":0,"16":0,"17":0,"18":0,"19":0,"20":0,"21":0,"22":0},"f":{"0":1,"1":2,"2":4,"3":0,"4":0,"5":0},"b":{},"_coverageSchema":"1a1c01bbd47fc00a2c39e90264f33305004495a9","hash":"69e20ce6a88c01ec86c9e4f593b914df75c8eaaf"}
,"E:\\React Native\\test\\WeatherForecast\\src\\redux\\reducers\\index.ts": {"path":"E:\\React Native\\test\\WeatherForecast\\src\\redux\\reducers\\index.ts","statementMap":{"0":{"start":{"line":5,"column":20},"end":{"line":7,"column":2}}},"fnMap":{},"branchMap":{},"s":{"0":2},"f":{},"b":{},"_coverageSchema":"1a1c01bbd47fc00a2c39e90264f33305004495a9","hash":"0dbf8a3213f2c914ec6292f86fe6930afcae2968"}
,"E:\\React Native\\test\\WeatherForecast\\src\\redux\\reducers\\weatherReducer.ts": {"path":"E:\\React Native\\test\\WeatherForecast\\src\\redux\\reducers\\weatherReducer.ts","statementMap":{"0":{"start":{"line":3,"column":35},"end":{"line":7,"column":1}},"1":{"start":{"line":9,"column":23},"end":{"line":30,"column":1}},"2":{"start":{"line":10,"column":2},"end":{"line":29,"column":3}},"3":{"start":{"line":12,"column":6},"end":{"line":16,"column":8}},"4":{"start":{"line":18,"column":6},"end":{"line":21,"column":8}},"5":{"start":{"line":23,"column":6},"end":{"line":26,"column":8}},"6":{"start":{"line":28,"column":6},"end":{"line":28,"column":19}}},"fnMap":{"0":{"name":"(anonymous_0)","decl":{"start":{"line":9,"column":23},"end":{"line":9,"column":24}},"loc":{"start":{"line":9,"column":76},"end":{"line":30,"column":1}},"line":9}},"branchMap":{"0":{"loc":{"start":{"line":9,"column":24},"end":{"line":9,"column":44}},"type":"default-arg","locations":[{"start":{"line":9,"column":32},"end":{"line":9,"column":44}}],"line":9},"1":{"loc":{"start":{"line":10,"column":2},"end":{"line":29,"column":3}},"type":"switch","locations":[{"start":{"line":11,"column":4},"end":{"line":16,"column":8}},{"start":{"line":17,"column":4},"end":{"line":21,"column":8}},{"start":{"line":22,"column":4},"end":{"line":26,"column":8}},{"start":{"line":27,"column":4},"end":{"line":28,"column":19}}],"line":10}},"s":{"0":2,"1":2,"2":9,"3":0,"4":1,"5":2,"6":6},"f":{"0":9},"b":{"0":[5],"1":[0,1,2,6]},"_coverageSchema":"1a1c01bbd47fc00a2c39e90264f33305004495a9","hash":"724fbb61a8a216ab13a6c3e935fc006c5ee19fd6"}
,"E:\\React Native\\test\\WeatherForecast\\src\\screens\\HomeScreen.tsx": {"path":"E:\\React Native\\test\\WeatherForecast\\src\\screens\\HomeScreen.tsx","statementMap":{"0":{"start":{"line":9,"column":50},"end":{"line":90,"column":1}},"1":{"start":{"line":11,"column":26},"end":{"line":11,"column":38}},"2":{"start":{"line":12,"column":19},"end":{"line":12,"column":45}},"3":{"start":{"line":13,"column":39},"end":{"line":13,"column":87}},"4":{"start":{"line":13,"column":73},"end":{"line":13,"column":86}},"5":{"start":{"line":15,"column":2},"end":{"line":17,"column":8}},"6":{"start":{"line":16,"column":4},"end":{"line":16,"column":16}},"7":{"start":{"line":19,"column":21},"end":{"line":26,"column":3}},"8":{"start":{"line":20,"column":21},"end":{"line":20,"column":54}},"9":{"start":{"line":21,"column":4},"end":{"line":24,"column":5}},"10":{"start":{"line":22,"column":6},"end":{"line":22,"column":46}},"11":{"start":{"line":23,"column":6},"end":{"line":23,"column":12}},"12":{"start":{"line":25,"column":4},"end":{"line":25,"column":47}},"13":{"start":{"line":29,"column":21},"end":{"line":32,"column":3}},"14":{"start":{"line":30,"column":17},"end":{"line":30,"column":37}},"15":{"start":{"line":31,"column":4},"end":{"line":31,"column":37}},"16":{"start":{"line":33,"column":2},"end":{"line":89,"column":4}},"17":{"start":{"line":76,"column":91},"end":{"line":76,"column":121}},"18":{"start":{"line":92,"column":15},"end":{"line":196,"column":2}}},"fnMap":{"0":{"name":"(anonymous_0)","decl":{"start":{"line":9,"column":50},"end":{"line":9,"column":51}},"loc":{"start":{"line":9,"column":70},"end":{"line":90,"column":1}},"line":9},"1":{"name":"(anonymous_1)","decl":{"start":{"line":13,"column":51},"end":{"line":13,"column":52}},"loc":{"start":{"line":13,"column":73},"end":{"line":13,"column":86}},"line":13},"2":{"name":"(anonymous_2)","decl":{"start":{"line":15,"column":12},"end":{"line":15,"column":13}},"loc":{"start":{"line":15,"column":18},"end":{"line":17,"column":3}},"line":15},"3":{"name":"(anonymous_3)","decl":{"start":{"line":19,"column":21},"end":{"line":19,"column":22}},"loc":{"start":{"line":19,"column":27},"end":{"line":26,"column":3}},"line":19},"4":{"name":"(anonymous_4)","decl":{"start":{"line":29,"column":21},"end":{"line":29,"column":22}},"loc":{"start":{"line":29,"column":45},"end":{"line":32,"column":3}},"line":29},"5":{"name":"(anonymous_5)","decl":{"start":{"line":76,"column":85},"end":{"line":76,"column":86}},"loc":{"start":{"line":76,"column":91},"end":{"line":76,"column":121}},"line":76}},"branchMap":{"0":{"loc":{"start":{"line":20,"column":21},"end":{"line":20,"column":54}},"type":"cond-expr","locations":[{"start":{"line":20,"column":28},"end":{"line":20,"column":32}},{"start":{"line":20,"column":35},"end":{"line":20,"column":54}}],"line":20},"1":{"loc":{"start":{"line":21,"column":4},"end":{"line":24,"column":5}},"type":"if","locations":[{"start":{"line":21,"column":4},"end":{"line":24,"column":5}},{"start":{},"end":{}}],"line":21},"2":{"loc":{"start":{"line":40,"column":52},"end":{"line":40,"column":126}},"type":"cond-expr","locations":[{"start":{"line":40,"column":102},"end":{"line":40,"column":120}},{"start":{"line":40,"column":123},"end":{"line":40,"column":126}}],"line":40},"3":{"loc":{"start":{"line":40,"column":52},"end":{"line":40,"column":99}},"type":"binary-expr","locations":[{"start":{"line":40,"column":52},"end":{"line":40,"column":60}},{"start":{"line":40,"column":64},"end":{"line":40,"column":77}},{"start":{"line":40,"column":81},"end":{"line":40,"column":99}}],"line":40},"4":{"loc":{"start":{"line":41,"column":42},"end":{"line":41,"column":165}},"type":"cond-expr","locations":[{"start":{"line":41,"column":124},"end":{"line":41,"column":159}},{"start":{"line":41,"column":162},"end":{"line":41,"column":165}}],"line":41},"5":{"loc":{"start":{"line":41,"column":42},"end":{"line":41,"column":121}},"type":"binary-expr","locations":[{"start":{"line":41,"column":42},"end":{"line":41,"column":50}},{"start":{"line":41,"column":54},"end":{"line":41,"column":67}},{"start":{"line":41,"column":71},"end":{"line":41,"column":93}},{"start":{"line":41,"column":98},"end":{"line":41,"column":121}}],"line":41},"6":{"loc":{"start":{"line":57,"column":7},"end":{"line":57,"column":64}},"type":"binary-expr","locations":[{"start":{"line":57,"column":7},"end":{"line":57,"column":14}},{"start":{"line":57,"column":18},"end":{"line":57,"column":64}}],"line":57},"7":{"loc":{"start":{"line":58,"column":7},"end":{"line":58,"column":57}},"type":"binary-expr","locations":[{"start":{"line":58,"column":7},"end":{"line":58,"column":12}},{"start":{"line":58,"column":16},"end":{"line":58,"column":57}}],"line":58},"8":{"loc":{"start":{"line":64,"column":64},"end":{"line":64,"column":205}},"type":"cond-expr","locations":[{"start":{"line":64,"column":173},"end":{"line":64,"column":199}},{"start":{"line":64,"column":202},"end":{"line":64,"column":205}}],"line":64},"9":{"loc":{"start":{"line":64,"column":64},"end":{"line":64,"column":170}},"type":"binary-expr","locations":[{"start":{"line":64,"column":64},"end":{"line":64,"column":72}},{"start":{"line":64,"column":76},"end":{"line":64,"column":89}},{"start":{"line":64,"column":93},"end":{"line":64,"column":115}},{"start":{"line":64,"column":119},"end":{"line":64,"column":140}},{"start":{"line":64,"column":144},"end":{"line":64,"column":170}}],"line":64},"10":{"loc":{"start":{"line":67,"column":55},"end":{"line":67,"column":204}},"type":"cond-expr","locations":[{"start":{"line":67,"column":168},"end":{"line":67,"column":198}},{"start":{"line":67,"column":201},"end":{"line":67,"column":204}}],"line":67},"11":{"loc":{"start":{"line":67,"column":55},"end":{"line":67,"column":165}},"type":"binary-expr","locations":[{"start":{"line":67,"column":55},"end":{"line":67,"column":63}},{"start":{"line":67,"column":67},"end":{"line":67,"column":80}},{"start":{"line":67,"column":84},"end":{"line":67,"column":106}},{"start":{"line":67,"column":110},"end":{"line":67,"column":131}},{"start":{"line":67,"column":135},"end":{"line":67,"column":165}}],"line":67},"12":{"loc":{"start":{"line":70,"column":63},"end":{"line":70,"column":206}},"type":"cond-expr","locations":[{"start":{"line":70,"column":173},"end":{"line":70,"column":200}},{"start":{"line":70,"column":203},"end":{"line":70,"column":206}}],"line":70},"13":{"loc":{"start":{"line":70,"column":63},"end":{"line":70,"column":170}},"type":"binary-expr","locations":[{"start":{"line":70,"column":63},"end":{"line":70,"column":71}},{"start":{"line":70,"column":75},"end":{"line":70,"column":88}},{"start":{"line":70,"column":92},"end":{"line":70,"column":114}},{"start":{"line":70,"column":118},"end":{"line":70,"column":139}},{"start":{"line":70,"column":143},"end":{"line":70,"column":170}}],"line":70},"14":{"loc":{"start":{"line":73,"column":23},"end":{"line":73,"column":258}},"type":"cond-expr","locations":[{"start":{"line":73,"column":213},"end":{"line":73,"column":252}},{"start":{"line":73,"column":255},"end":{"line":73,"column":258}}],"line":73},"15":{"loc":{"start":{"line":73,"column":23},"end":{"line":73,"column":210}},"type":"binary-expr","locations":[{"start":{"line":73,"column":23},"end":{"line":73,"column":31}},{"start":{"line":73,"column":35},"end":{"line":73,"column":48}},{"start":{"line":73,"column":52},"end":{"line":73,"column":74}},{"start":{"line":73,"column":78},"end":{"line":73,"column":102}},{"start":{"line":73,"column":106},"end":{"line":73,"column":130}},{"start":{"line":73,"column":134},"end":{"line":73,"column":167}},{"start":{"line":73,"column":171},"end":{"line":73,"column":210}}],"line":73}},"s":{"0":2,"1":3,"2":3,"3":3,"4":6,"5":3,"6":2,"7":3,"8":2,"9":2,"10":2,"11":2,"12":0,"13":3,"14":0,"15":0,"16":3,"17":1,"18":2},"f":{"0":3,"1":6,"2":2,"3":2,"4":0,"5":1},"b":{"0":[0,2],"1":[2,0],"2":[0,3],"3":[3,0,0],"4":[0,3],"5":[3,0,0,0],"6":[3,0],"7":[3,1],"8":[0,3],"9":[3,0,0,0,0],"10":[0,3],"11":[3,0,0,0,0],"12":[0,3],"13":[3,0,0,0,0],"14":[0,3],"15":[3,0,0,0,0,0,0]},"_coverageSchema":"1a1c01bbd47fc00a2c39e90264f33305004495a9","hash":"a41852d2414a2813d635b81f76429d2abe5fe9b3"}
,"E:\\React Native\\test\\WeatherForecast\\src\\screens\\WeatherScreen.tsx": {"path":"E:\\React Native\\test\\WeatherForecast\\src\\screens\\WeatherScreen.tsx","statementMap":{"0":{"start":{"line":7,"column":65},"end":{"line":68,"column":1}},"1":{"start":{"line":9,"column":42},"end":{"line":9,"column":61}},"2":{"start":{"line":11,"column":32},"end":{"line":11,"column":80}},"3":{"start":{"line":11,"column":66},"end":{"line":11,"column":79}},"4":{"start":{"line":15,"column":2},"end":{"line":18,"column":16}},"5":{"start":{"line":16,"column":4},"end":{"line":17,"column":36}},"6":{"start":{"line":17,"column":6},"end":{"line":17,"column":36}},"7":{"start":{"line":21,"column":21},"end":{"line":24,"column":3}},"8":{"start":{"line":22,"column":17},"end":{"line":22,"column":37}},"9":{"start":{"line":23,"column":4},"end":{"line":23,"column":37}},"10":{"start":{"line":26,"column":21},"end":{"line":37,"column":3}},"11":{"start":{"line":27,"column":4},"end":{"line":36,"column":6}},"12":{"start":{"line":39,"column":2},"end":{"line":67,"column":4}},"13":{"start":{"line":41,"column":69},"end":{"line":41,"column":88}},"14":{"start":{"line":54,"column":38},"end":{"line":54,"column":49}},"15":{"start":{"line":69,"column":15},"end":{"line":132,"column":2}}},"fnMap":{"0":{"name":"(anonymous_0)","decl":{"start":{"line":7,"column":65},"end":{"line":7,"column":66}},"loc":{"start":{"line":7,"column":85},"end":{"line":68,"column":1}},"line":7},"1":{"name":"(anonymous_1)","decl":{"start":{"line":11,"column":44},"end":{"line":11,"column":45}},"loc":{"start":{"line":11,"column":66},"end":{"line":11,"column":79}},"line":11},"2":{"name":"(anonymous_2)","decl":{"start":{"line":15,"column":12},"end":{"line":15,"column":13}},"loc":{"start":{"line":15,"column":18},"end":{"line":18,"column":3}},"line":15},"3":{"name":"(anonymous_3)","decl":{"start":{"line":21,"column":21},"end":{"line":21,"column":22}},"loc":{"start":{"line":21,"column":45},"end":{"line":24,"column":3}},"line":21},"4":{"name":"(anonymous_4)","decl":{"start":{"line":26,"column":21},"end":{"line":26,"column":22}},"loc":{"start":{"line":26,"column":70},"end":{"line":37,"column":3}},"line":26},"5":{"name":"(anonymous_5)","decl":{"start":{"line":41,"column":63},"end":{"line":41,"column":64}},"loc":{"start":{"line":41,"column":69},"end":{"line":41,"column":88}},"line":41},"6":{"name":"(anonymous_6)","decl":{"start":{"line":54,"column":28},"end":{"line":54,"column":29}},"loc":{"start":{"line":54,"column":38},"end":{"line":54,"column":49}},"line":54}},"branchMap":{"0":{"loc":{"start":{"line":16,"column":4},"end":{"line":17,"column":36}},"type":"if","locations":[{"start":{"line":16,"column":4},"end":{"line":17,"column":36}},{"start":{},"end":{}}],"line":16},"1":{"loc":{"start":{"line":16,"column":8},"end":{"line":16,"column":61}},"type":"binary-expr","locations":[{"start":{"line":16,"column":8},"end":{"line":16,"column":16}},{"start":{"line":16,"column":20},"end":{"line":16,"column":33}},{"start":{"line":16,"column":37},"end":{"line":16,"column":61}}],"line":16},"2":{"loc":{"start":{"line":46,"column":67},"end":{"line":46,"column":141}},"type":"cond-expr","locations":[{"start":{"line":46,"column":117},"end":{"line":46,"column":135}},{"start":{"line":46,"column":138},"end":{"line":46,"column":141}}],"line":46},"3":{"loc":{"start":{"line":46,"column":67},"end":{"line":46,"column":114}},"type":"binary-expr","locations":[{"start":{"line":46,"column":67},"end":{"line":46,"column":75}},{"start":{"line":46,"column":79},"end":{"line":46,"column":92}},{"start":{"line":46,"column":96},"end":{"line":46,"column":114}}],"line":46},"4":{"loc":{"start":{"line":47,"column":7},"end":{"line":63,"column":7}},"type":"cond-expr","locations":[{"start":{"line":48,"column":8},"end":{"line":48,"column":85}},{"start":{"line":50,"column":8},"end":{"line":62,"column":11}}],"line":47},"5":{"loc":{"start":{"line":51,"column":11},"end":{"line":61,"column":11}},"type":"cond-expr","locations":[{"start":{"line":52,"column":12},"end":{"line":58,"column":14}},{"start":{"line":60,"column":12},"end":{"line":60,"column":52}}],"line":51}},"s":{"0":2,"1":6,"2":6,"3":10,"4":6,"5":4,"6":2,"7":6,"8":4,"9":4,"10":6,"11":4,"12":6,"13":1,"14":6,"15":2},"f":{"0":6,"1":10,"2":4,"3":4,"4":4,"5":1,"6":6},"b":{"0":[2,2],"1":[4,4,4],"2":[6,0],"3":[6,6,6],"4":[1,5],"5":[2,3]},"_coverageSchema":"1a1c01bbd47fc00a2c39e90264f33305004495a9","hash":"32e9b945802fbb679b845ab2a2004330e492decf"}
}
