TN:
SF:src\navigation\AppNavigator.tsx
FN:10,(anonymous_0)
FNF:1
FNH:1
FNDA:1,(anonymous_0)
DA:8,1
DA:10,1
DA:11,1
LF:3
LH:3
BRF:0
BRH:0
end_of_record
TN:
SF:src\redux\store.ts
FN:15,(anonymous_0)
FNF:1
FNH:1
FNDA:1,(anonymous_0)
DA:7,1
DA:12,1
DA:13,1
DA:16,1
DA:21,1
LF:5
LH:5
BRF:0
BRH:0
end_of_record
TN:
SF:src\redux\types.ts
FNF:0
FNH:0
LF:0
LH:0
BRF:0
BRH:0
end_of_record
TN:
SF:src\redux\actions\actionType.ts
FNF:0
FNH:0
LF:0
LH:0
BRF:0
BRH:0
end_of_record
TN:
SF:src\redux\actions\weatherActions.ts
FN:12,(anonymous_0)
FN:17,(anonymous_1)
FN:22,(anonymous_2)
FN:28,(anonymous_3)
FN:29,(anonymous_4)
FN:39,(anonymous_5)
FNF:6
FNH:3
FNDA:1,(anonymous_0)
FNDA:2,(anonymous_1)
FNDA:4,(anonymous_2)
FNDA:0,(anonymous_3)
FNDA:0,(anonymous_4)
FNDA:0,(anonymous_5)
DA:5,4
DA:6,4
DA:7,4
DA:10,4
DA:12,4
DA:17,4
DA:22,4
DA:28,4
DA:29,0
DA:32,0
DA:33,0
DA:35,0
DA:36,0
DA:38,0
DA:39,0
DA:41,0
DA:43,0
DA:44,0
DA:46,0
LF:19
LH:8
BRF:0
BRH:0
end_of_record
TN:
SF:src\redux\reducers\index.ts
FNF:0
FNH:0
DA:5,2
LF:1
LH:1
BRF:0
BRH:0
end_of_record
TN:
SF:src\redux\reducers\weatherReducer.ts
FN:9,(anonymous_0)
FNF:1
FNH:1
FNDA:9,(anonymous_0)
DA:3,2
DA:9,2
DA:10,9
DA:12,0
DA:18,1
DA:23,2
DA:28,6
LF:7
LH:6
BRDA:9,0,0,5
BRDA:10,1,0,0
BRDA:10,1,1,1
BRDA:10,1,2,2
BRDA:10,1,3,6
BRF:5
BRH:4
end_of_record
TN:
SF:src\screens\HomeScreen.tsx
FN:9,(anonymous_0)
FN:13,(anonymous_1)
FN:15,(anonymous_2)
FN:19,(anonymous_3)
FN:29,(anonymous_4)
FN:76,(anonymous_5)
FNF:6
FNH:5
FNDA:3,(anonymous_0)
FNDA:6,(anonymous_1)
FNDA:2,(anonymous_2)
FNDA:2,(anonymous_3)
FNDA:0,(anonymous_4)
FNDA:1,(anonymous_5)
DA:9,2
DA:11,3
DA:12,3
DA:13,6
DA:15,3
DA:16,2
DA:19,3
DA:20,2
DA:21,2
DA:22,2
DA:23,2
DA:25,0
DA:29,3
DA:30,0
DA:31,0
DA:33,3
DA:76,1
DA:92,2
LF:18
LH:15
BRDA:20,0,0,0
BRDA:20,0,1,2
BRDA:21,1,0,2
BRDA:21,1,1,0
BRDA:40,2,0,0
BRDA:40,2,1,3
BRDA:40,3,0,3
BRDA:40,3,1,0
BRDA:40,3,2,0
BRDA:41,4,0,0
BRDA:41,4,1,3
BRDA:41,5,0,3
BRDA:41,5,1,0
BRDA:41,5,2,0
BRDA:41,5,3,0
BRDA:57,6,0,3
BRDA:57,6,1,0
BRDA:58,7,0,3
BRDA:58,7,1,1
BRDA:64,8,0,0
BRDA:64,8,1,3
BRDA:64,9,0,3
BRDA:64,9,1,0
BRDA:64,9,2,0
BRDA:64,9,3,0
BRDA:64,9,4,0
BRDA:67,10,0,0
BRDA:67,10,1,3
BRDA:67,11,0,3
BRDA:67,11,1,0
BRDA:67,11,2,0
BRDA:67,11,3,0
BRDA:67,11,4,0
BRDA:70,12,0,0
BRDA:70,12,1,3
BRDA:70,13,0,3
BRDA:70,13,1,0
BRDA:70,13,2,0
BRDA:70,13,3,0
BRDA:70,13,4,0
BRDA:73,14,0,0
BRDA:73,14,1,3
BRDA:73,15,0,3
BRDA:73,15,1,0
BRDA:73,15,2,0
BRDA:73,15,3,0
BRDA:73,15,4,0
BRDA:73,15,5,0
BRDA:73,15,6,0
BRF:49
BRH:17
end_of_record
TN:
SF:src\screens\WeatherScreen.tsx
FN:7,(anonymous_0)
FN:11,(anonymous_1)
FN:15,(anonymous_2)
FN:21,(anonymous_3)
FN:26,(anonymous_4)
FN:41,(anonymous_5)
FN:54,(anonymous_6)
FNF:7
FNH:7
FNDA:6,(anonymous_0)
FNDA:10,(anonymous_1)
FNDA:4,(anonymous_2)
FNDA:4,(anonymous_3)
FNDA:4,(anonymous_4)
FNDA:1,(anonymous_5)
FNDA:6,(anonymous_6)
DA:7,2
DA:9,6
DA:11,10
DA:15,6
DA:16,4
DA:17,2
DA:21,6
DA:22,4
DA:23,4
DA:26,6
DA:27,4
DA:39,6
DA:41,1
DA:54,6
DA:69,2
LF:15
LH:15
BRDA:16,0,0,2
BRDA:16,0,1,2
BRDA:16,1,0,4
BRDA:16,1,1,4
BRDA:16,1,2,4
BRDA:46,2,0,6
BRDA:46,2,1,0
BRDA:46,3,0,6
BRDA:46,3,1,6
BRDA:46,3,2,6
BRDA:47,4,0,1
BRDA:47,4,1,5
BRDA:51,5,0,2
BRDA:51,5,1,3
BRF:14
BRH:13
end_of_record
